This is pdfTeX, Version 3.14159265-2.6-1.40.16 (MiKTeX 2.9 64-bit) (preloaded format=pdflatex 2015.9.12)  26 APR 2016 12:37
entering extended mode
**D:/Strijov/Multiscale/doc/MultiscaleForecasting.tex
(D:/Strijov/Multiscale/doc/MultiscaleForecasting.tex
LaTeX2e <2015/01/01> patch level 2
Babel <3.9m> and hyphenation patterns for 69 languages loaded.
("C:\Program Files\MikTex\tex\latex\base\article.cls"
Document Class: article 2014/09/29 v1.4h Standard LaTeX document class
("C:\Program Files\MikTex\tex\latex\base\size12.clo"
File: size12.clo 2014/09/29 v1.4h Standard LaTeX file (size option)
)
\c@part=\count79
\c@section=\count80
\c@subsection=\count81
\c@subsubsection=\count82
\c@paragraph=\count83
\c@subparagraph=\count84
\c@figure=\count85
\c@table=\count86
\abovecaptionskip=\skip41
\belowcaptionskip=\skip42
\bibindent=\dimen102
)
("C:\Program Files\MikTex\tex\latex\a4wide\a4wide.sty"
Package: a4wide 1994/08/30

("C:\Program Files\MikTex\tex\latex\ntgclass\a4.sty"
Package: a4 2004/04/15 v1.2g A4 based page layout
)) (NotationStyle.sty)
("C:\Program Files\MikTex\tex\latex\algorithm2e\algorithm2e.sty"
Package: algorithm2e 2013/01/06 v5.00 algorithms environments
\c@AlgoLine=\count87

("C:\Program Files\MikTex\tex\latex\base\ifthen.sty"
Package: ifthen 2014/09/29 v1.1c Standard LaTeX ifthen package (DPC)
)
("C:\Program Files\MikTex\tex\latex\tools\xspace.sty"
Package: xspace 2014/10/28 v1.13 Space after command names (DPC,MH)
)
("C:\Program Files\MikTex\tex\latex\ltxmisc\relsize.sty"
Package: relsize 2003/07/04 ver 3.1
)
********************************************************
Package `algorithm2e' Release 5.0 -- january 06 2013 --
- algorithm2e-announce@lirmm.fr mailing list for announcement about releases
- algorithm2e-discussion@lirmm.fr mailing list for discussion about package
subscribe by emailing sympa@lirmm.fr with 'subscribe <list> <firstname name>'
- Author: Christophe Fiorio (cfiorio@um2.fr)
********************************************************
\skiptotal=\skip43
\skiplinenumber=\skip44
\skiprule=\skip45
\skiphlne=\skip46
\skiptext=\skip47
\skiplength=\skip48
\algomargin=\skip49
\skipalgocfslide=\skip50
\algowidth=\dimen103
\inoutsize=\dimen104
\inoutindent=\dimen105
\interspacetitleruled=\dimen106
\interspacealgoruled=\dimen107
\interspacetitleboxruled=\dimen108
\algocf@inoutbox=\box26
\algocf@inputbox=\box27
\AlCapSkip=\skip51
\AlCapHSkip=\skip52
\algoskipindent=\skip53
\algocf@nlbox=\box28
\algocf@hangingbox=\box29
\algocf@untilbox=\box30
\algocf@skipuntil=\skip54
\algocf@capbox=\box31
\algoheightruledefault=\skip55
\algoheightrule=\skip56
\algotitleheightruledefault=\skip57
\algotitleheightrule=\skip58
\c@algocfline=\count88
\c@algocfproc=\count89
\c@algocf=\count90
\algocf@algoframe=\box32
\algocf@algobox=\box33
) ("C:\Program Files\MikTex\tex\generic\babel\babel.sty"
Package: babel 2015/08/03 3.9m The Babel package

*************************************
* Local config file bblopts.cfg used
*
("C:\Program Files\MikTex\tex\latex\00miktex\bblopts.cfg"
File: bblopts.cfg 2006/07/31 v1.0 MiKTeX 'babel' configuration
)
("C:\Program Files\MikTex\tex\latex\babel-english\english.ldf"
Language: english 2012/08/20 v3.3p English support from the babel system

("C:\Program Files\MikTex\tex\generic\babel\babel.def"
File: babel.def 2015/08/03 3.9m Babel common definitions
\babel@savecnt=\count91
\U@D=\dimen109
)
\l@canadian = a dialect from \language\l@american 
\l@australian = a dialect from \language\l@british 
\l@newzealand = a dialect from \language\l@british 
))
("C:\Program Files\MikTex\tex\latex\amsmath\amsmath.sty"
Package: amsmath 2013/01/14 v2.14 AMS math features
\@mathmargin=\skip59

For additional information on amsmath, use the `?' option.
("C:\Program Files\MikTex\tex\latex\amsmath\amstext.sty"
Package: amstext 2000/06/29 v2.01

("C:\Program Files\MikTex\tex\latex\amsmath\amsgen.sty"
File: amsgen.sty 1999/11/30 v2.0
\@emptytoks=\toks14
\ex@=\dimen110
))
("C:\Program Files\MikTex\tex\latex\amsmath\amsbsy.sty"
Package: amsbsy 1999/11/29 v1.2d
\pmbraise@=\dimen111
)
("C:\Program Files\MikTex\tex\latex\amsmath\amsopn.sty"
Package: amsopn 1999/12/14 v2.01 operator names
)
\inf@bad=\count92
LaTeX Info: Redefining \frac on input line 210.
\uproot@=\count93
\leftroot@=\count94
LaTeX Info: Redefining \overline on input line 306.
\classnum@=\count95
\DOTSCASE@=\count96
LaTeX Info: Redefining \ldots on input line 378.
LaTeX Info: Redefining \dots on input line 381.
LaTeX Info: Redefining \cdots on input line 466.
\Mathstrutbox@=\box34
\strutbox@=\box35
\big@size=\dimen112
LaTeX Font Info:    Redeclaring font encoding OML on input line 566.
LaTeX Font Info:    Redeclaring font encoding OMS on input line 567.
\macc@depth=\count97
\c@MaxMatrixCols=\count98
\dotsspace@=\muskip10
\c@parentequation=\count99
\dspbrk@lvl=\count100
\tag@help=\toks15
\row@=\count101
\column@=\count102
\maxfields@=\count103
\andhelp@=\toks16
\eqnshift@=\dimen113
\alignsep@=\dimen114
\tagshift@=\dimen115
\tagwidth@=\dimen116
\totwidth@=\dimen117
\lineht@=\dimen118
\@envbody=\toks17
\multlinegap=\skip60
\multlinetaggap=\skip61
\mathdisplay@stack=\toks18
LaTeX Info: Redefining \[ on input line 2665.
LaTeX Info: Redefining \] on input line 2666.
)
("C:\Program Files\MikTex\tex\latex\amsfonts\amssymb.sty"
Package: amssymb 2013/01/14 v3.01 AMS font symbols

("C:\Program Files\MikTex\tex\latex\amsfonts\amsfonts.sty"
Package: amsfonts 2013/01/14 v3.01 Basic AMSFonts support
\symAMSa=\mathgroup4
\symAMSb=\mathgroup5
LaTeX Font Info:    Overwriting math alphabet `\mathfrak' in version `bold'
(Font)                  U/euf/m/n --> U/euf/b/n on input line 106.
))
("C:\Program Files\MikTex\tex\latex\jknappen\mathrsfs.sty"
Package: mathrsfs 1996/01/01 Math RSFS package v1.0 (jk)
\symrsfs=\mathgroup6
)
("C:\Program Files\MikTex\tex\latex\t2\mathtext.sty"
Package: mathtext 1999/01/28 v1.0 transparent text-and-math defs
LaTeX Info: Redefining \halign on input line 111.
)
("C:\Program Files\MikTex\tex\latex\graphics\graphics.sty"
Package: graphics 2014/10/28 v1.0p Standard LaTeX Graphics (DPC,SPQR)

("C:\Program Files\MikTex\tex\latex\graphics\trig.sty"
Package: trig 1999/03/16 v1.09 sin cos tan (DPC)
)
("C:\Program Files\MikTex\tex\latex\00miktex\graphics.cfg"
File: graphics.cfg 2007/01/18 v1.5 graphics configuration of teTeX/TeXLive
)
Package graphics Info: Driver file: pdftex.def on input line 94.

("C:\Program Files\MikTex\tex\latex\pdftex-def\pdftex.def"
File: pdftex.def 2011/05/27 v0.06d Graphics/color for pdfTeX

("C:\Program Files\MikTex\tex\generic\oberdiek\infwarerr.sty"
Package: infwarerr 2010/04/08 v1.3 Providing info/warning/error messages (HO)
)
("C:\Program Files\MikTex\tex\generic\oberdiek\ltxcmds.sty"
Package: ltxcmds 2011/11/09 v1.22 LaTeX kernel commands for general use (HO)
)
\Gread@gobject=\count104
))
("C:\Program Files\MikTex\tex\latex\graphics\graphicx.sty"
Package: graphicx 2014/10/28 v1.0g Enhanced LaTeX Graphics (DPC,SPQR)

("C:\Program Files\MikTex\tex\latex\graphics\keyval.sty"
Package: keyval 2014/10/28 v1.15 key=value parser (DPC)
\KV@toks@=\toks19
)
\Gin@req@height=\dimen119
\Gin@req@width=\dimen120
)
("C:\Program Files\MikTex\tex\latex\graphics\epsfig.sty"
Package: epsfig 1999/02/16 v1.7a (e)psfig emulation (SPQR)
\epsfxsize=\dimen121
\epsfysize=\dimen122
)
("C:\Program Files\MikTex\tex\latex\oberdiek\epstopdf.sty"
Package: epstopdf 2010/02/09 v2.5 Conversion with epstopdf on the fly (HO)

("C:\Program Files\MikTex\tex\latex\oberdiek\epstopdf-base.sty"
Package: epstopdf-base 2010/02/09 v2.5 Base part for package epstopdf

("C:\Program Files\MikTex\tex\latex\oberdiek\grfext.sty"
Package: grfext 2010/08/19 v1.1 Manage graphics extensions (HO)

("C:\Program Files\MikTex\tex\generic\oberdiek\kvdefinekeys.sty"
Package: kvdefinekeys 2011/04/07 v1.3 Define keys (HO)
))
("C:\Program Files\MikTex\tex\latex\oberdiek\kvoptions.sty"
Package: kvoptions 2011/06/30 v3.11 Key value format for package options (HO)

("C:\Program Files\MikTex\tex\generic\oberdiek\kvsetkeys.sty"
Package: kvsetkeys 2012/04/25 v1.16 Key value parser (HO)

("C:\Program Files\MikTex\tex\generic\oberdiek\etexcmds.sty"
Package: etexcmds 2011/02/16 v1.5 Avoid name clashes with e-TeX commands (HO)

("C:\Program Files\MikTex\tex\generic\oberdiek\ifluatex.sty"
Package: ifluatex 2010/03/01 v1.3 Provides the ifluatex switch (HO)
Package ifluatex Info: LuaTeX not detected.
)
Package etexcmds Info: Could not find \expanded.
(etexcmds)             That can mean that you are not using pdfTeX 1.50 or
(etexcmds)             that some package has redefined \expanded.
(etexcmds)             In the latter case, load this package earlier.
)))
("C:\Program Files\MikTex\tex\generic\oberdiek\pdftexcmds.sty"
Package: pdftexcmds 2011/11/29 v0.20 Utility functions of pdfTeX for LuaTeX (HO
)

("C:\Program Files\MikTex\tex\generic\oberdiek\ifpdf.sty"
Package: ifpdf 2011/01/30 v2.3 Provides the ifpdf switch (HO)
Package ifpdf Info: pdfTeX in PDF mode is detected.
)
Package pdftexcmds Info: LuaTeX not detected.
Package pdftexcmds Info: \pdf@primitive is available.
Package pdftexcmds Info: \pdf@ifprimitive is available.
Package pdftexcmds Info: \pdfdraftmode found.
)
Package grfext Info: Graphics extension search list:
(grfext)             [.png,.pdf,.jpg,.mps,.jpeg,.jbig2,.jb2,.PNG,.PDF,.JPG,.JPE
G,.JBIG2,.JB2,.eps]
(grfext)             \AppendGraphicsExtensions on input line 452.
))
("C:\Program Files\MikTex\tex\latex\fancybox\fancybox.sty"
Package: fancybox 2010/05/15 1.4

Style option: `fancybox' v1.4 <2010/05/15> (tvz)
\@fancybox=\box36
\shadowsize=\dimen123
\@Sbox=\box37
\do@VerbBox=\toks20
\the@fancyput=\toks21
\this@fancyput=\toks22
\EndVerbatimTokens=\toks23
\Verbatim@Outfile=\write3
\Verbatim@Infile=\read1
) ("C:\Program Files\MikTex\tex\latex\fancyhdr\fancyhdr.sty"
\fancy@headwidth=\skip62
\f@ncyO@elh=\skip63
\f@ncyO@erh=\skip64
\f@ncyO@olh=\skip65
\f@ncyO@orh=\skip66
\f@ncyO@elf=\skip67
\f@ncyO@erf=\skip68
\f@ncyO@olf=\skip69
\f@ncyO@orf=\skip70
)
("C:\Program Files\MikTex\tex\latex\tools\enumerate.sty"
Package: enumerate 2014/10/28 v3.00 enumerate extensions (DPC)
\@enLab=\toks24
)
("C:\Program Files\MikTex\tex\latex\tools\array.sty"
Package: array 2014/10/28 v2.4c Tabular extension package (FMi)
\col@sep=\dimen124
\extrarowheight=\dimen125
\NC@list=\toks25
\extratabsurround=\skip71
\backup@length=\skip72
)
("C:\Program Files\MikTex\tex\latex\graphics\color.sty"
Package: color 2014/10/28 v1.1a Standard LaTeX Color (DPC)

("C:\Program Files\MikTex\tex\latex\00miktex\color.cfg"
File: color.cfg 2007/01/18 v1.5 color configuration of teTeX/TeXLive
)
Package color Info: Driver file: pdftex.def on input line 142.
)
("C:\Program Files\MikTex\tex\latex\soul\soul.sty"
Package: soul 2003/11/17 v2.4 letterspacing/underlining (mf)
\SOUL@word=\toks26
\SOUL@lasttoken=\toks27
\SOUL@cmds=\toks28
\SOUL@buffer=\toks29
\SOUL@token=\toks30
\SOUL@spaceskip=\skip73
\SOUL@ttwidth=\dimen126
\SOUL@uldp=\dimen127
\SOUL@ulht=\dimen128
)
("C:\Program Files\MikTex\tex\latex\tools\longtable.sty"
Package: longtable 2014/10/28 v4.11 Multi-page Table package (DPC)
\LTleft=\skip74
\LTright=\skip75
\LTpre=\skip76
\LTpost=\skip77
\LTchunksize=\count105
\LTcapwidth=\dimen129
\LT@head=\box38
\LT@firsthead=\box39
\LT@foot=\box40
\LT@lastfoot=\box41
\LT@cols=\count106
\LT@rows=\count107
\c@LT@tables=\count108
\c@LT@chunks=\count109
\LT@p@ftn=\toks31
)
("C:\Program Files\MikTex\tex\latex\ulem\ulem.sty"
\UL@box=\box42
\UL@hyphenbox=\box43
\UL@skip=\skip78
\UL@hook=\toks32
\UL@height=\dimen130
\UL@pe=\count110
\UL@pixel=\dimen131
\ULC@box=\box44
Package: ulem 2012/05/18
\ULdepth=\dimen132
) (MultiscaleForecasting.aux

LaTeX Warning: Label `eq:mixture_of_experts' multiply defined.

)
LaTeX Font Info:    Checking defaults for OML/cmm/m/it on input line 20.
LaTeX Font Info:    ... okay on input line 20.
LaTeX Font Info:    Checking defaults for T1/cmr/m/n on input line 20.
LaTeX Font Info:    ... okay on input line 20.
LaTeX Font Info:    Checking defaults for OT1/cmr/m/n on input line 20.
LaTeX Font Info:    ... okay on input line 20.
LaTeX Font Info:    Checking defaults for OMS/cmsy/m/n on input line 20.
LaTeX Font Info:    ... okay on input line 20.
LaTeX Font Info:    Checking defaults for OMX/cmex/m/n on input line 20.
LaTeX Font Info:    ... okay on input line 20.
LaTeX Font Info:    Checking defaults for U/cmr/m/n on input line 20.
LaTeX Font Info:    ... okay on input line 20.
 ("C:\Program Files\MikTex\tex\context\base\supp-pdf.mkii"
[Loading MPS to PDF converter (version 2006.09.02).]
\scratchcounter=\count111
\scratchdimen=\dimen133
\scratchbox=\box45
\nofMPsegments=\count112
\nofMParguments=\count113
\everyMPshowfont=\toks33
\MPscratchCnt=\count114
\MPscratchDim=\dimen134
\MPnumerator=\count115
\makeMPintoPDFobject=\count116
\everyMPtoPDFconversion=\toks34
)
LaTeX Font Info:    Try loading font information for U+msa on input line 24.
 ("C:\Program Files\MikTex\tex\latex\amsfonts\umsa.fd"
File: umsa.fd 2013/01/14 v3.01 AMS symbols A
)
LaTeX Font Info:    Try loading font information for U+msb on input line 24.

("C:\Program Files\MikTex\tex\latex\amsfonts\umsb.fd"
File: umsb.fd 2013/01/14 v3.01 AMS symbols B
)
LaTeX Font Info:    Try loading font information for U+rsfs on input line 24.

("C:\Program Files\MikTex\tex\latex\jknappen\ursfs.fd"
File: ursfs.fd 1998/03/24 rsfs font definition file (jk)
)
LaTeX Font Info:    Try loading font information for U+euf on input line 28.

("C:\Program Files\MikTex\tex\latex\amsfonts\ueuf.fd"
File: ueuf.fd 2013/01/14 v3.01 Euler Fraktur
)
Underfull \hbox (badness 10000) in paragraph at lines 42--42
[]|$\OT1/cmr/bx/n/12 f[]\OT1/cmr/m/n/12 (\OT1/cmr/bx/n/12 w[]\OML/cmm/m/it/12 ;
 \OT1/cmr/bx/n/12 x\OT1/cmr/m/n/12 )$, $\OML/cmm/m/it/12 k \OT1/cmr/m/n/12 =
 []


Overfull \hbox (24.2133pt too wide) in alignment at lines 27--48
 [] [] 
 []


Overfull \hbox (24.2133pt too wide) in alignment at lines 48--58
 [] [] 
 []

[1

{C:/Users/Anastasia/AppData/Local/MiKTeX/2.9/pdftex/config/pdftex.map}]
[2] <resample1.png, id=19, 272.81924pt x 222.23026pt>
File: resample1.png Graphic file (type png)
 <use resample1.png>
Package pdftex.def Info: resample1.png used on input line 82.
(pdftex.def)             Requested size: 230.36061pt x 187.64873pt.
Missing character: There is no – in font cmr12!

[3 <./resample1.png>] <resample2.png, id=24, 495.0495pt x 246.32025pt>
File: resample2.png Graphic file (type png)

<use resample2.png>
Package pdftex.def Info: resample2.png used on input line 94.
(pdftex.def)             Requested size: 414.6463pt x 206.32126pt.
Missing character: There is no – in font cmbx12!
Missing character: There is no – in font cmr12!
Missing character: There is no – in font cmr12!
 [4 <./resample2.png>] [5] [6] [7]

LaTeX Warning: Reference `tb:primitives' on page 8 undefined on input line 270.


[8]
Underfull \hbox (badness 10000) in paragraph at lines 309--309
[]|\OT1/cmr/m/n/12 Output
 []


Underfull \hbox (badness 10000) in paragraph at lines 309--309
\OT1/cmr/m/n/12 di-men-
 []


Underfull \hbox (badness 1038) in paragraph at lines 309--309
[]|$\OT1/cmr/m/n/12 #$ of ar-
 []


Underfull \hbox (badness 10000) in paragraph at lines 323--323
[]|\OT1/cmr/m/n/12 Output
 []


Underfull \hbox (badness 10000) in paragraph at lines 323--323
\OT1/cmr/m/n/12 di-men-
 []


Underfull \hbox (badness 1038) in paragraph at lines 323--323
[]|$\OT1/cmr/m/n/12 #$ of ar-
 []


Underfull \hbox (badness 3199) in paragraph at lines 332--332
[]|\OT1/cmr/m/n/12 Logarithmic sig-
 []


Underfull \hbox (badness 10000) in paragraph at lines 349--349
[]|\OT1/cmr/m/n/12 Output
 []


Underfull \hbox (badness 10000) in paragraph at lines 349--349
\OT1/cmr/m/n/12 di-men-
 []


Underfull \hbox (badness 1038) in paragraph at lines 349--349
[]|$\OT1/cmr/m/n/12 #$ of ar-
 []


Underfull \hbox (badness 10000) in paragraph at lines 362--362
[]|\OT1/cmr/m/n/12 Nonparametric
 []


Underfull \hbox (badness 10000) in paragraph at lines 363--363
[]|\OT1/cmr/m/n/12 Hiberbolic tan-
 []


Overfull \hbox (18.83838pt too wide) in paragraph at lines 345--369
[][] 
 []

[9] [10]
Overfull \hbox (2.91551pt too wide) in paragraph at lines 509--511
\OT1/cmr/m/n/12 Suppose that each model $\OML/cmm/m/it/12 f\OT1/cmr/m/n/12 (\OT
1/cmr/bx/n/12 x\OML/cmm/m/it/12 ; \OT1/cmr/bx/n/12 w[]\OT1/cmr/m/n/12 )$ gen-er
-ates a sam-ple $(\OT1/cmr/bx/n/12 x\OML/cmm/m/it/12 ; y\OT1/cmr/m/n/12 )$ with
 some prob-a-bil-ity $\OML/cmm/m/it/12 p\OT1/cmr/m/n/12 (\OML/cmm/m/it/12 k\OMS
/cmsy/m/n/12 j\OT1/cmr/bx/n/12 x\OML/cmm/m/it/12 ; \OT1/cmr/bx/n/12 w\OT1/cmr/m
/n/12 )$.
 []

[11] [12] <02_A0.png, id=63, 1604.99625pt x 1067.99pt>
File: 02_A0.png Graphic file (type png)
 <use 02_A0.png>
Package pdftex.def Info: 02_A0.png used on input line 565.
(pdftex.def)             Requested size: 414.6463pt x 275.91086pt.
 [13 <./02_A0.png (PNG copy)>] [14] [15] [16] [17] [18] [19] [20]
(MultiscaleForecasting.aux)

LaTeX Warning: There were undefined references.


LaTeX Warning: There were multiply-defined labels.

 ) 
Here is how much of TeX's memory you used:
 5203 strings out of 493673
 67637 string characters out of 3145523
 203578 words of memory out of 3000000
 8421 multiletter control sequences out of 15000+200000
 18595 words of font info for 72 fonts, out of 3000000 for 9000
 1025 hyphenation exceptions out of 8191
 42i,15n,43p,622b,412s stack positions out of 5000i,500n,10000p,200000b,50000s
<C:/Program Files/MikTex/fonts/type1/public/amsfonts/cm/cmbx12.pfb><C:/Progra
m Files/MikTex/fonts/type1/public/amsfonts/cm/cmbx8.pfb><C:/Program Files/MikTe
x/fonts/type1/public/amsfonts/cm/cmbxti10.pfb><C:/Program Files/MikTex/fonts/ty
pe1/public/amsfonts/cm/cmex10.pfb><C:/Program Files/MikTex/fonts/type1/public/a
msfonts/cmextra/cmex8.pfb><C:/Program Files/MikTex/fonts/type1/public/amsfonts/
cm/cmmi12.pfb><C:/Program Files/MikTex/fonts/type1/public/amsfonts/cm/cmmi6.pfb
><C:/Program Files/MikTex/fonts/type1/public/amsfonts/cm/cmmi8.pfb><C:/Program 
Files/MikTex/fonts/type1/public/amsfonts/cm/cmmib10.pfb><C:/Program Files/MikTe
x/fonts/type1/public/amsfonts/cmextra/cmmib8.pfb><C:/Program Files/MikTex/fonts
/type1/public/amsfonts/cm/cmr10.pfb><C:/Program Files/MikTex/fonts/type1/public
/amsfonts/cm/cmr12.pfb><C:/Program Files/MikTex/fonts/type1/public/amsfonts/cm/
cmr17.pfb><C:/Program Files/MikTex/fonts/type1/public/amsfonts/cm/cmr6.pfb><C:/
Program Files/MikTex/fonts/type1/public/amsfonts/cm/cmr8.pfb><C:/Program Files/
MikTex/fonts/type1/public/amsfonts/cm/cmss12.pfb><C:/Program Files/MikTex/fonts
/type1/public/amsfonts/cm/cmss8.pfb><C:/Program Files/MikTex/fonts/type1/public
/amsfonts/cm/cmsy10.pfb><C:/Program Files/MikTex/fonts/type1/public/amsfonts/cm
/cmsy6.pfb><C:/Program Files/MikTex/fonts/type1/public/amsfonts/cm/cmsy8.pfb><C
:/Program Files/MikTex/fonts/type1/public/amsfonts/cm/cmti12.pfb><C:/Program Fi
les/MikTex/fonts/type1/public/amsfonts/euler/eufm10.pfb><C:/Program Files/MikTe
x/fonts/type1/public/amsfonts/symbols/msam10.pfb><C:/Program Files/MikTex/fonts
/type1/public/amsfonts/symbols/msbm10.pfb>
Output written on MultiscaleForecasting.pdf (20 pages, 626083 bytes).
PDF statistics:
 166 PDF objects out of 1000 (max. 8388607)
 0 named destinations out of 1000 (max. 500000)
 16 words of extra memory for PDF output out of 10000 (max. 10000000)

